<?xml version="1.0" encoding="UTF-8"?>
<testng-results ignored="11" total="13" passed="2" failed="0" skipped="0">
  <reporter-output>
  </reporter-output>
  <suite started-at="2022-02-02T23:43:43 IST" name="Testing " finished-at="2022-02-02T23:43:44 IST" duration-ms="822">
    <groups>
    </groups>
    <test started-at="2022-02-02T23:43:43 IST" name="Regression" finished-at="2022-02-02T23:43:44 IST" duration-ms="822">
      <class name="com.tek.tests.ImageToTextValidationTest">
        <test-method signature="validateClearImgetext()[pri:0, instance:com.tek.tests.ImageToTextValidationTest@740cae06]" started-at="2022-02-02T23:43:43 IST" name="validateClearImgetext" finished-at="2022-02-02T23:43:44 IST" duration-ms="584" status="PASS">
          <reporter-output>
          </reporter-output>
        </test-method> <!-- validateClearImgetext -->
        <test-method signature="validateNoicyImgetext()[pri:0, instance:com.tek.tests.ImageToTextValidationTest@740cae06]" started-at="2022-02-02T23:43:44 IST" name="validateNoicyImgetext" finished-at="2022-02-02T23:43:44 IST" duration-ms="196" status="PASS">
          <reporter-output>
          </reporter-output>
        </test-method> <!-- validateNoicyImgetext -->
      </class> <!-- com.tek.tests.ImageToTextValidationTest -->
    </test> <!-- Regression -->
  </suite> <!-- Testing  -->
</testng-results>
