<?xml version="1.0" encoding="UTF-8"?>
<testng-results ignored="11" total="12" passed="1" failed="0" skipped="0">
  <reporter-output>
  </reporter-output>
  <suite started-at="2022-02-02T16:23:12 IST" name="Testing " finished-at="2022-02-02T16:23:13 IST" duration-ms="686">
    <groups>
    </groups>
    <test started-at="2022-02-02T16:23:12 IST" name="Regression" finished-at="2022-02-02T16:23:13 IST" duration-ms="686">
      <class name="com.tek.tests.ImageToTextValidationTest">
        <test-method signature="validateImgetext()[pri:0, instance:com.tek.tests.ImageToTextValidationTest@644baf4a]" started-at="2022-02-02T16:23:12 IST" name="validateImgetext" finished-at="2022-02-02T16:23:13 IST" duration-ms="656" status="PASS">
          <reporter-output>
          </reporter-output>
        </test-method> <!-- validateImgetext -->
      </class> <!-- com.tek.tests.ImageToTextValidationTest -->
    </test> <!-- Regression -->
  </suite> <!-- Testing  -->
</testng-results>
